已经链接上mongoDB数据库
  <-- GET /
GET / - 5ms
  --> GET / 200 17ms 269b
  <-- GET /
GET / - 1ms
  --> GET / 200 1ms 269b
  <-- GET /db
GET /db - 13ms
  --> GET /db 200 14ms 3.91kb
  <-- GET /db
GET /db - 3ms
  --> GET /db 200 4ms 3.91kb
  <-- GET /db
GET /db - 2ms
  --> GET /db 200 3ms 3.91kb
  <-- GET /db
GET /db - 2ms
  --> GET /db 200 3ms 3.91kb
  <-- GET /db
GET /db - 6ms
  --> GET /db 200 7ms 3.91kb
  <-- GET /db
GET /db - 2ms
  --> GET /db 200 3ms 3.91kb
  <-- GET /db/remove?id=5b8164fe87023947a4c0ed94
GET /db/remove?id=5b8164fe87023947a4c0ed94 - 6ms
  --> GET /db/remove?id=5b8164fe87023947a4c0ed94 302 6ms 37b
  <-- GET /db
GET /db - 2ms
  --> GET /db 200 8ms 3.51kb
  <-- GET /db/remove?id=5b8164f687023947a4c0ed93
GET /db/remove?id=5b8164f687023947a4c0ed93 - 3ms
  --> GET /db/remove?id=5b8164f687023947a4c0ed93 302 3ms 37b
  <-- GET /db
GET /db - 2ms
  --> GET /db 200 3ms 3.12kb
  <-- GET /db
GET /db - 2ms
  --> GET /db 200 2ms 3.12kb
  <-- GET /db
GET /db - 2ms
  --> GET /db 200 2ms 3.12kb
  <-- GET /db
GET /db - 2ms
  --> GET /db 200 3ms 3.12kb
  <-- GET /db
GET /db - 2ms
  --> GET /db 200 3ms 3.12kb
  <-- GET /db
GET /db - 3ms
  --> GET /db 200 3ms 3.12kb
  <-- GET /db
GET /db - 3ms
  --> GET /db 200 3ms 3.12kb
  <-- GET /db
GET /db - 2ms
  --> GET /db 200 3ms 3.12kb
  <-- GET /db
GET /db - 2ms
  --> GET /db 200 2ms 3.12kb
已经链接上mongoDB数据库
  <-- GET /
GET / - 152ms
  --> GET / 200 236ms 269b
  <-- GET /favicon.ico
GET /favicon.ico - 1ms
  --> GET /favicon.ico 404 1ms -
  <-- GET /db
GET /db - 390ms
  --> GET /db 200 391ms 3.12kb
